<?xml version="1.0" encoding="UTF-8"?>
<!-- Generated by org.testng.reporters.JUnitReportReporter -->
<testsuite hostname="DESKTOP-P28GIJ4" failures="0" tests="5" name="MavenProjectsRimon.MavenProject101.FromTestNG" time="39.213" errors="0" timestamp="15 Feb 2021 02:31:03 GMT" skipped="0">
  <testcase classname="MavenProjectsRimon.MavenProject101.FromTestNG" name="Test1" time="3.504"/>
  <testcase classname="MavenProjectsRimon.MavenProject101.FromTestNG" name="Test2" time="2.123"/>
  <testcase classname="MavenProjectsRimon.MavenProject101.FromTestNG" name="Test3" time="21.246"/>
  <testcase classname="MavenProjectsRimon.MavenProject101.FromTestNG" name="Test4" time="6.125"/>
  <testcase classname="MavenProjectsRimon.MavenProject101.FromTestNG" name="Test5" time="6.215"/>
</testsuite> <!-- MavenProjectsRimon.MavenProject101.FromTestNG -->
